<?xml version="1.0" encoding="UTF-8"?>
<!-- Generated by org.testng.reporters.JUnitReportReporter -->
<testsuite hostname="DESKTOP-U8HQR51" failures="0" tests="18" name="TestScripts.User_Flows" time="188.446" errors="0" timestamp="2023-04-24T18:24:21 IST" skipped="1">
  <testcase classname="TestScripts.User_Flows" name="changeUserName" time="14.406"/>
  <system-out/>
  <testcase classname="TestScripts.User_Flows" name="scannVechile" time="18.675"/>
  <system-out/>
  <testcase classname="TestScripts.User_Flows" name="startDelivery" time="21.416"/>
  <system-out/>
  <testcase classname="TestScripts.User_Flows" name="completeEntireDeliver" time="5.934"/>
  <system-out/>
  <testcase classname="TestScripts.User_Flows" name="verify_dropdownFunctionality_in_Services" time="24.037"/>
  <system-out/>
  <testcase classname="TestScripts.User_Flows" name="changeProfile" time="11.024"/>
  <system-out/>
  <testcase classname="TestScripts.User_Flows" name="applyForLeave_withCancelButton" time="16.032"/>
  <system-out/>
  <testcase classname="TestScripts.User_Flows" name="applyForLeave_withApplyButton" time="16.066"/>
  <system-out/>
  <testcase classname="TestScripts.User_Flows" name="Timesheet_flow" time="2.404"/>
  <system-out/>
  <testcase classname="TestScripts.User_Flows" name="filterByDate_HistoryDropdown_" time="11.330"/>
  <system-out/>
  <testcase classname="TestScripts.User_Flows" name="benchMark_functionality" time="15.986"/>
  <system-out/>
  <testcase classname="TestScripts.User_Flows" name="personalDocuments" time="5.753"/>
  <system-out/>
  <testcase classname="TestScripts.User_Flows" name="aboutThreeEco" time="2.535"/>
  <system-out/>
  <testcase classname="TestScripts.User_Flows" name="tandC_functionality" time="13.315"/>
  <system-out/>
  <testcase classname="TestScripts.User_Flows" name="support_Functionality" time="3.627"/>
  <system-out/>
  <testcase classname="TestScripts.User_Flows" name="historyIn_Timesheet" time="3.931"/>
  <system-out/>
  <testcase classname="TestScripts.User_Flows" name="logout" time="1.975"/>
  <system-out/>
  <testcase classname="TestScripts.User_Flows" name="legal_functionality">
    <skipped/>
  </testcase> <!-- legal_functionality -->
  <system-out/>
</testsuite> <!-- TestScripts.User_Flows -->
