<?xml version="1.0" encoding="UTF-8"?>
<!-- Generated by org.testng.reporters.JUnitReportReporter -->
<testsuite hostname="DESKTOP-U8HQR51" failures="0" tests="3" name="TestScripts.Test_Scripts_1" time="66.845" errors="0" timestamp="2023-04-18T16:22:48 IST" skipped="0">
  <testcase classname="TestScripts.Test_Scripts_1" name="changeUserName" time="17.778"/>
  <system-out/>
  <testcase classname="TestScripts.Test_Scripts_1" name="scannVechile" time="21.055"/>
  <system-out/>
  <testcase classname="TestScripts.Test_Scripts_1" name="name" time="28.012"/>
  <system-out/>
</testsuite> <!-- TestScripts.Test_Scripts_1 -->
