<?xml version="1.0" encoding="UTF-8"?>
<!-- Generated by org.testng.reporters.JUnitReportReporter -->
<testsuite hostname="DESKTOP-U8HQR51" failures="0" tests="1" name="TestScripts.Login" time="69.439" errors="0" timestamp="2023-04-17T11:23:09 IST" skipped="0">
  <testcase classname="TestScripts.Login" name="LoginPage" time="69.439"/>
  <system-out/>
</testsuite> <!-- TestScripts.Login -->
